<?xml version="1.0" encoding="UTF-8"?>
<robot generator="Robot 4.1.3 (Python 3.10.2 on win32)" generated="20220317 22:34:21.041" rpa="false" schemaversion="2">
<suite id="s1" name="Exercicio7" source="C:\Aulas_Pha\exercicio7.robot">
<kw name="Avisar que comecou uma nova suite" type="SETUP">
<kw name="Log To Console" library="BuiltIn">
<arg>Comecou a executar suite de teste</arg>
<doc>Logs the given message to the console.</doc>
<status status="PASS" starttime="20220317 22:34:21.064" endtime="20220317 22:34:21.064"/>
</kw>
<status status="PASS" starttime="20220317 22:34:21.063" endtime="20220317 22:34:21.064"/>
</kw>
<test id="s1-t1" name="Cenario 1 - Logar no console o numero do cenario">
<kw name="Avisar que comecou um novo teste" type="SETUP">
<kw name="Log To Console" library="BuiltIn">
<arg>Comecou a executar um novo teste</arg>
<doc>Logs the given message to the console.</doc>
<status status="PASS" starttime="20220317 22:34:21.065" endtime="20220317 22:34:21.065"/>
</kw>
<status status="PASS" starttime="20220317 22:34:21.064" endtime="20220317 22:34:21.065"/>
</kw>
<kw name="Logar no console">
<arg>1</arg>
<kw name="Log To Console" library="BuiltIn">
<arg>${NUMBER}</arg>
<doc>Logs the given message to the console.</doc>
<status status="PASS" starttime="20220317 22:34:21.065" endtime="20220317 22:34:21.066"/>
</kw>
<status status="PASS" starttime="20220317 22:34:21.065" endtime="20220317 22:34:21.066"/>
</kw>
<kw name="Avisar que concluiu a nova suite" type="TEARDOWN">
<kw name="Log To Console" library="BuiltIn">
<arg>Concluiu a execucao da suite de testes</arg>
<doc>Logs the given message to the console.</doc>
<status status="PASS" starttime="20220317 22:34:21.067" endtime="20220317 22:34:21.067"/>
</kw>
<status status="PASS" starttime="20220317 22:34:21.066" endtime="20220317 22:34:21.067"/>
</kw>
<status status="PASS" starttime="20220317 22:34:21.064" endtime="20220317 22:34:21.068"/>
</test>
<test id="s1-t2" name="Cenario 2 - Logar no console o numero do cenario">
<kw name="Avisar que comecou um novo teste" type="SETUP">
<kw name="Log To Console" library="BuiltIn">
<arg>Comecou a executar um novo teste</arg>
<doc>Logs the given message to the console.</doc>
<status status="PASS" starttime="20220317 22:34:21.069" endtime="20220317 22:34:21.069"/>
</kw>
<status status="PASS" starttime="20220317 22:34:21.069" endtime="20220317 22:34:21.070"/>
</kw>
<kw name="Logar no console">
<arg>2</arg>
<kw name="Log To Console" library="BuiltIn">
<arg>${NUMBER}</arg>
<doc>Logs the given message to the console.</doc>
<status status="PASS" starttime="20220317 22:34:21.070" endtime="20220317 22:34:21.071"/>
</kw>
<status status="PASS" starttime="20220317 22:34:21.070" endtime="20220317 22:34:21.071"/>
</kw>
<kw name="Avisar que concluiu a nova suite" type="TEARDOWN">
<kw name="Log To Console" library="BuiltIn">
<arg>Concluiu a execucao da suite de testes</arg>
<doc>Logs the given message to the console.</doc>
<status status="PASS" starttime="20220317 22:34:21.072" endtime="20220317 22:34:21.072"/>
</kw>
<status status="PASS" starttime="20220317 22:34:21.072" endtime="20220317 22:34:21.072"/>
</kw>
<status status="PASS" starttime="20220317 22:34:21.068" endtime="20220317 22:34:21.072"/>
</test>
<kw name="Avisar que conclui a nova suite" type="TEARDOWN">
<kw name="Log To Console" library="BuiltIn">
<arg>Concluiu a execucao a nova suite</arg>
<doc>Logs the given message to the console.</doc>
<status status="PASS" starttime="20220317 22:34:21.073" endtime="20220317 22:34:21.075"/>
</kw>
<status status="PASS" starttime="20220317 22:34:21.073" endtime="20220317 22:34:21.075"/>
</kw>
<status status="PASS" starttime="20220317 22:34:21.043" endtime="20220317 22:34:21.075"/>
</suite>
<statistics>
<total>
<stat pass="2" fail="0" skip="0">All Tests</stat>
</total>
<tag>
</tag>
<suite>
<stat pass="2" fail="0" skip="0" id="s1" name="Exercicio7">Exercicio7</stat>
</suite>
</statistics>
<errors>
</errors>
</robot>
